c:\git_public\9_실무용 게임서버 프로그래밍\15차과제 chatserver제작\chatserver_main\x64\release\chatserver_main.ipdb
c:\git_public\9_실무용 게임서버 프로그래밍\15차과제 chatserver제작\chatserver_main\x64\release\chatserver_main.iobj
c:\git_public\9_실무용 게임서버 프로그래밍\15차과제 chatserver제작\chatserver_main\chatserver_main\x64\release\chatserver_main.pch
c:\git_public\9_실무용 게임서버 프로그래밍\15차과제 chatserver제작\chatserver_main\chatserver_main\x64\release\vc141.pdb
c:\git_public\9_실무용 게임서버 프로그래밍\15차과제 chatserver제작\chatserver_main\chatserver_main\x64\release\pch.obj
c:\git_public\9_실무용 게임서버 프로그래밍\15차과제 chatserver제작\chatserver_main\chatserver_main\x64\release\chatserver_main.obj
c:\git_public\9_실무용 게임서버 프로그래밍\15차과제 chatserver제작\chatserver_main\chatserver_main\x64\release\ringbuff.obj
c:\git_public\9_실무용 게임서버 프로그래밍\15차과제 chatserver제작\chatserver_main\chatserver_main\x64\release\protocolbuff_objectpool.obj
c:\git_public\9_실무용 게임서버 프로그래밍\15차과제 chatserver제작\chatserver_main\chatserver_main\x64\release\protocolbuff(net)_objectpool.obj
c:\git_public\9_실무용 게임서버 프로그래밍\15차과제 chatserver제작\chatserver_main\chatserver_main\x64\release\pdhcheck.obj
c:\git_public\9_실무용 게임서버 프로그래밍\15차과제 chatserver제작\chatserver_main\chatserver_main\x64\release\parser_class.obj
c:\git_public\9_실무용 게임서버 프로그래밍\15차과제 chatserver제작\chatserver_main\chatserver_main\x64\release\networklib_netserver.obj
c:\git_public\9_실무용 게임서버 프로그래밍\15차과제 chatserver제작\chatserver_main\chatserver_main\x64\release\networklib_lanclient.obj
c:\git_public\9_실무용 게임서버 프로그래밍\15차과제 chatserver제작\chatserver_main\chatserver_main\x64\release\log.obj
c:\git_public\9_실무용 게임서버 프로그래밍\15차과제 chatserver제작\chatserver_main\chatserver_main\x64\release\crashdump.obj
c:\git_public\9_실무용 게임서버 프로그래밍\15차과제 chatserver제작\chatserver_main\chatserver_main\x64\release\cpuusage.obj
c:\git_public\9_실무용 게임서버 프로그래밍\15차과제 chatserver제작\chatserver_main\chatserver_main\x64\release\chatserver.obj
c:\git_public\9_실무용 게임서버 프로그래밍\15차과제 chatserver제작\chatserver_main\x64\release\chatserver_main.exe
c:\git_public\9_실무용 게임서버 프로그래밍\15차과제 chatserver제작\chatserver_main\x64\release\chatserver_main.pdb
c:\git_public\9_실무용 게임서버 프로그래밍\15차과제 chatserver제작\chatserver_main\chatserver_main\x64\release\chatserver_main.tlog\chatserver_main.write.1u.tlog
c:\git_public\9_실무용 게임서버 프로그래밍\15차과제 chatserver제작\chatserver_main\chatserver_main\x64\release\chatserver_main.tlog\cl.command.1.tlog
c:\git_public\9_실무용 게임서버 프로그래밍\15차과제 chatserver제작\chatserver_main\chatserver_main\x64\release\chatserver_main.tlog\cl.read.1.tlog
c:\git_public\9_실무용 게임서버 프로그래밍\15차과제 chatserver제작\chatserver_main\chatserver_main\x64\release\chatserver_main.tlog\cl.write.1.tlog
c:\git_public\9_실무용 게임서버 프로그래밍\15차과제 chatserver제작\chatserver_main\chatserver_main\x64\release\chatserver_main.tlog\link.command.1.tlog
c:\git_public\9_실무용 게임서버 프로그래밍\15차과제 chatserver제작\chatserver_main\chatserver_main\x64\release\chatserver_main.tlog\link.read.1.tlog
c:\git_public\9_실무용 게임서버 프로그래밍\15차과제 chatserver제작\chatserver_main\chatserver_main\x64\release\chatserver_main.tlog\link.write.1.tlog
