c:\git_public\10_실무용 게임서버 프로그래밍_2\4차과제_matchmaking 서버\matchmaking_main\matchmaking_main\x64\release\matchmaking_main.pch
c:\git_public\10_실무용 게임서버 프로그래밍_2\4차과제_matchmaking 서버\matchmaking_main\matchmaking_main\x64\release\vc141.pdb
c:\git_public\10_실무용 게임서버 프로그래밍_2\4차과제_matchmaking 서버\matchmaking_main\matchmaking_main\x64\release\pch.obj
c:\git_public\10_실무용 게임서버 프로그래밍_2\4차과제_matchmaking 서버\matchmaking_main\matchmaking_main\x64\release\matchmakingserver.obj
c:\git_public\10_실무용 게임서버 프로그래밍_2\4차과제_matchmaking 서버\matchmaking_main\matchmaking_main\x64\release\matchmaking_main.obj
c:\git_public\10_실무용 게임서버 프로그래밍_2\4차과제_matchmaking 서버\matchmaking_main\matchmaking_main\x64\release\ringbuff.obj
c:\git_public\10_실무용 게임서버 프로그래밍_2\4차과제_matchmaking 서버\matchmaking_main\matchmaking_main\x64\release\protocolbuff(net)_objectpool.obj
c:\git_public\10_실무용 게임서버 프로그래밍_2\4차과제_matchmaking 서버\matchmaking_main\matchmaking_main\x64\release\parser_class.obj
c:\git_public\10_실무용 게임서버 프로그래밍_2\4차과제_matchmaking 서버\matchmaking_main\matchmaking_main\x64\release\networklib_netserver.obj
c:\git_public\10_실무용 게임서버 프로그래밍_2\4차과제_matchmaking 서버\matchmaking_main\matchmaking_main\x64\release\log.obj
c:\git_public\10_실무용 게임서버 프로그래밍_2\4차과제_matchmaking 서버\matchmaking_main\matchmaking_main\x64\release\http_exchange.obj
c:\git_public\10_실무용 게임서버 프로그래밍_2\4차과제_matchmaking 서버\matchmaking_main\matchmaking_main\x64\release\db_connector.obj
c:\git_public\10_실무용 게임서버 프로그래밍_2\4차과제_matchmaking 서버\matchmaking_main\matchmaking_main\x64\release\crashdump.obj
c:\git_public\10_실무용 게임서버 프로그래밍_2\4차과제_matchmaking 서버\matchmaking_main\x64\release\matchmaking_main.exe
c:\git_public\10_실무용 게임서버 프로그래밍_2\4차과제_matchmaking 서버\matchmaking_main\x64\release\matchmaking_main.pdb
c:\git_public\10_실무용 게임서버 프로그래밍_2\4차과제_matchmaking 서버\matchmaking_main\x64\release\matchmaking_main.ipdb
c:\git_public\10_실무용 게임서버 프로그래밍_2\4차과제_matchmaking 서버\matchmaking_main\x64\release\matchmaking_main.iobj
c:\git_public\10_실무용 게임서버 프로그래밍_2\4차과제_matchmaking 서버\matchmaking_main\matchmaking_main\x64\release\matchmaking_main.tlog\cl.command.1.tlog
c:\git_public\10_실무용 게임서버 프로그래밍_2\4차과제_matchmaking 서버\matchmaking_main\matchmaking_main\x64\release\matchmaking_main.tlog\cl.read.1.tlog
c:\git_public\10_실무용 게임서버 프로그래밍_2\4차과제_matchmaking 서버\matchmaking_main\matchmaking_main\x64\release\matchmaking_main.tlog\cl.write.1.tlog
c:\git_public\10_실무용 게임서버 프로그래밍_2\4차과제_matchmaking 서버\matchmaking_main\matchmaking_main\x64\release\matchmaking_main.tlog\link.command.1.tlog
c:\git_public\10_실무용 게임서버 프로그래밍_2\4차과제_matchmaking 서버\matchmaking_main\matchmaking_main\x64\release\matchmaking_main.tlog\link.read.1.tlog
c:\git_public\10_실무용 게임서버 프로그래밍_2\4차과제_matchmaking 서버\matchmaking_main\matchmaking_main\x64\release\matchmaking_main.tlog\link.write.1.tlog
c:\git_public\10_실무용 게임서버 프로그래밍_2\4차과제_matchmaking 서버\matchmaking_main\matchmaking_main\x64\release\matchmaking_main.tlog\matchmaking_main.write.1u.tlog
