c:\users\administrator\desktop\vs\7_고급 서버 프로그래밍\5차과제_icop 에코클라(문자열 보내고 받음)\일반 클라\일반 클라\x64\release\일반 클라.pch
c:\users\administrator\desktop\vs\7_고급 서버 프로그래밍\5차과제_icop 에코클라(문자열 보내고 받음)\일반 클라\일반 클라\x64\release\vc141.pdb
c:\users\administrator\desktop\vs\7_고급 서버 프로그래밍\5차과제_icop 에코클라(문자열 보내고 받음)\일반 클라\일반 클라\x64\release\stdafx.obj
c:\users\administrator\desktop\vs\7_고급 서버 프로그래밍\5차과제_icop 에코클라(문자열 보내고 받음)\일반 클라\일반 클라\x64\release\일반 클라.obj
c:\users\administrator\desktop\vs\7_고급 서버 프로그래밍\5차과제_icop 에코클라(문자열 보내고 받음)\일반 클라\일반 클라\x64\release\networkfunc.obj
c:\users\administrator\desktop\vs\7_고급 서버 프로그래밍\5차과제_icop 에코클라(문자열 보내고 받음)\일반 클라\일반 클라\x64\release\ringbuff_20180611.obj
c:\users\administrator\desktop\vs\7_고급 서버 프로그래밍\5차과제_icop 에코클라(문자열 보내고 받음)\일반 클라\일반 클라\x64\release\protocolbuff.obj
c:\users\procademy\source\repos\7_고급 네트워크 프로그래밍\5차과제_icop 에코클라(문자열 보내고 받음)\일반 클라\일반 클라\x64\release\일반 클라.pch
c:\users\procademy\source\repos\7_고급 네트워크 프로그래밍\5차과제_icop 에코클라(문자열 보내고 받음)\일반 클라\일반 클라\x64\release\vc141.pdb
c:\users\procademy\source\repos\7_고급 네트워크 프로그래밍\5차과제_icop 에코클라(문자열 보내고 받음)\일반 클라\일반 클라\x64\release\stdafx.obj
c:\users\procademy\source\repos\7_고급 네트워크 프로그래밍\5차과제_icop 에코클라(문자열 보내고 받음)\일반 클라\일반 클라\x64\release\일반 클라.obj
c:\users\procademy\source\repos\7_고급 네트워크 프로그래밍\5차과제_icop 에코클라(문자열 보내고 받음)\일반 클라\일반 클라\x64\release\networkfunc.obj
c:\users\procademy\source\repos\7_고급 네트워크 프로그래밍\5차과제_icop 에코클라(문자열 보내고 받음)\일반 클라\일반 클라\x64\release\ringbuff_20180611.obj
c:\users\procademy\source\repos\7_고급 네트워크 프로그래밍\5차과제_icop 에코클라(문자열 보내고 받음)\일반 클라\일반 클라\x64\release\protocolbuff.obj
c:\users\administrator\desktop\vs\7_고급 서버 프로그래밍\5차과제_icop 에코클라(문자열 보내고 받음)\일반 클라\x64\release\일반 클라.exe
c:\users\administrator\desktop\vs\7_고급 서버 프로그래밍\5차과제_icop 에코클라(문자열 보내고 받음)\일반 클라\x64\release\일반 클라.pdb
c:\users\procademy\source\repos\7_고급 네트워크 프로그래밍\5차과제_icop 에코클라(문자열 보내고 받음)\일반 클라\x64\release\일반 클라.exe
c:\users\procademy\source\repos\7_고급 네트워크 프로그래밍\5차과제_icop 에코클라(문자열 보내고 받음)\일반 클라\x64\release\일반 클라.pdb
c:\users\administrator\desktop\vs\7_고급 서버 프로그래밍\5차과제_icop 에코클라(문자열 보내고 받음)\일반 클라\x64\release\일반 클라.ipdb
c:\users\administrator\desktop\vs\7_고급 서버 프로그래밍\5차과제_icop 에코클라(문자열 보내고 받음)\일반 클라\x64\release\일반 클라.iobj
c:\users\procademy\source\repos\7_고급 네트워크 프로그래밍\5차과제_icop 에코클라(문자열 보내고 받음)\일반 클라\x64\release\일반 클라.ipdb
c:\users\procademy\source\repos\7_고급 네트워크 프로그래밍\5차과제_icop 에코클라(문자열 보내고 받음)\일반 클라\x64\release\일반 클라.iobj
c:\users\procademy\source\repos\7_고급 네트워크 프로그래밍\5차과제_icop 에코클라(문자열 보내고 받음)\일반 클라\일반 클라\x64\release\일반 클라.tlog\cl.command.1.tlog
c:\users\procademy\source\repos\7_고급 네트워크 프로그래밍\5차과제_icop 에코클라(문자열 보내고 받음)\일반 클라\일반 클라\x64\release\일반 클라.tlog\cl.read.1.tlog
c:\users\procademy\source\repos\7_고급 네트워크 프로그래밍\5차과제_icop 에코클라(문자열 보내고 받음)\일반 클라\일반 클라\x64\release\일반 클라.tlog\cl.write.1.tlog
c:\users\procademy\source\repos\7_고급 네트워크 프로그래밍\5차과제_icop 에코클라(문자열 보내고 받음)\일반 클라\일반 클라\x64\release\일반 클라.tlog\link.command.1.tlog
c:\users\procademy\source\repos\7_고급 네트워크 프로그래밍\5차과제_icop 에코클라(문자열 보내고 받음)\일반 클라\일반 클라\x64\release\일반 클라.tlog\link.read.1.tlog
c:\users\procademy\source\repos\7_고급 네트워크 프로그래밍\5차과제_icop 에코클라(문자열 보내고 받음)\일반 클라\일반 클라\x64\release\일반 클라.tlog\link.write.1.tlog
c:\users\procademy\source\repos\7_고급 네트워크 프로그래밍\5차과제_icop 에코클라(문자열 보내고 받음)\일반 클라\일반 클라\x64\release\일반 클라.tlog\일반 클라.write.1u.tlog
