c:\users\administrator\desktop\vs\6_게임 서버 프로그래밍\7차과제_tcp 파이터 서버_완(4차 완료)\tcp_fighter_server\tcp_fighter_server\x64\release\tcp_fighter_server.pch
c:\users\administrator\desktop\vs\6_게임 서버 프로그래밍\7차과제_tcp 파이터 서버_완(4차 완료)\tcp_fighter_server\tcp_fighter_server\x64\release\vc141.pdb
c:\users\administrator\desktop\vs\6_게임 서버 프로그래밍\7차과제_tcp 파이터 서버_완(4차 완료)\tcp_fighter_server\tcp_fighter_server\x64\release\stdafx.obj
c:\users\administrator\desktop\vs\6_게임 서버 프로그래밍\7차과제_tcp 파이터 서버_완(4차 완료)\tcp_fighter_server\tcp_fighter_server\x64\release\tcp_fighter_server.obj
c:\users\administrator\desktop\vs\6_게임 서버 프로그래밍\7차과제_tcp 파이터 서버_완(4차 완료)\tcp_fighter_server\tcp_fighter_server\x64\release\network_func.obj
c:\users\administrator\desktop\vs\6_게임 서버 프로그래밍\7차과제_tcp 파이터 서버_완(4차 완료)\tcp_fighter_server\tcp_fighter_server\x64\release\ringbuff.obj
c:\users\administrator\desktop\vs\6_게임 서버 프로그래밍\7차과제_tcp 파이터 서버_완(4차 완료)\tcp_fighter_server\tcp_fighter_server\x64\release\protocolbuff.obj
c:\users\administrator\desktop\vs\6_게임 서버 프로그래밍\7차과제_tcp 파이터 서버_완(4차 완료)\tcp_fighter_server\tcp_fighter_server\x64\release\profiling_class.obj
c:\users\administrator\desktop\vs\6_게임 서버 프로그래밍\7차과제_tcp 파이터 서버_완(4차 완료)\tcp_fighter_server\x64\release\tcp_fighter_server.exe
c:\users\administrator\desktop\vs\6_게임 서버 프로그래밍\7차과제_tcp 파이터 서버_완(4차 완료)\tcp_fighter_server\x64\release\tcp_fighter_server.pdb
c:\users\administrator\desktop\vs\6_게임 서버 프로그래밍\7차과제_tcp 파이터 서버_완(4차 완료)\tcp_fighter_server\x64\release\tcp_fighter_server.ipdb
c:\users\administrator\desktop\vs\6_게임 서버 프로그래밍\7차과제_tcp 파이터 서버_완(4차 완료)\tcp_fighter_server\x64\release\tcp_fighter_server.iobj
c:\users\procademy\source\repos\6_게임 서버 프로그래밍\7차과제_tcp 파이터 서버_완(4차 완료)\tcp_fighter_server\tcp_fighter_server\x64\release\network_func.obj
c:\users\procademy\source\repos\6_게임 서버 프로그래밍\7차과제_tcp 파이터 서버_완(4차 완료)\tcp_fighter_server\tcp_fighter_server\x64\release\profiling_class.obj
c:\users\procademy\source\repos\6_게임 서버 프로그래밍\7차과제_tcp 파이터 서버_완(4차 완료)\tcp_fighter_server\tcp_fighter_server\x64\release\protocolbuff.obj
c:\users\procademy\source\repos\6_게임 서버 프로그래밍\7차과제_tcp 파이터 서버_완(4차 완료)\tcp_fighter_server\tcp_fighter_server\x64\release\ringbuff.obj
c:\users\procademy\source\repos\6_게임 서버 프로그래밍\7차과제_tcp 파이터 서버_완(4차 완료)\tcp_fighter_server\tcp_fighter_server\x64\release\stdafx.obj
c:\users\procademy\source\repos\6_게임 서버 프로그래밍\7차과제_tcp 파이터 서버_완(4차 완료)\tcp_fighter_server\tcp_fighter_server\x64\release\tcp_fighter_server.obj
c:\users\procademy\source\repos\6_게임 서버 프로그래밍\7차과제_tcp 파이터 서버_완(4차 완료)\tcp_fighter_server\tcp_fighter_server\x64\release\tcp_fighter_server.pch
c:\users\procademy\source\repos\6_게임 서버 프로그래밍\7차과제_tcp 파이터 서버_완(4차 완료)\tcp_fighter_server\tcp_fighter_server\x64\release\vc141.pdb
c:\users\procademy\source\repos\6_게임 서버 프로그래밍\7차과제_tcp 파이터 서버_완(4차 완료)\tcp_fighter_server\x64\release\tcp_fighter_server.pdb
c:\users\procademy\source\repos\6_게임 서버 프로그래밍\7차과제_tcp 파이터 서버_완(4차 완료)\tcp_fighter_server\x64\release\tcp_fighter_server.exe
c:\users\procademy\source\repos\6_게임 서버 프로그래밍\7차과제_tcp 파이터 서버_완(4차 완료)\tcp_fighter_server\tcp_fighter_server\x64\release\tcp_figh.9528ad6f.tlog\cl.command.1.tlog
c:\users\procademy\source\repos\6_게임 서버 프로그래밍\7차과제_tcp 파이터 서버_완(4차 완료)\tcp_fighter_server\tcp_fighter_server\x64\release\tcp_figh.9528ad6f.tlog\cl.read.1.tlog
c:\users\procademy\source\repos\6_게임 서버 프로그래밍\7차과제_tcp 파이터 서버_완(4차 완료)\tcp_fighter_server\tcp_fighter_server\x64\release\tcp_figh.9528ad6f.tlog\cl.write.1.tlog
c:\users\procademy\source\repos\6_게임 서버 프로그래밍\7차과제_tcp 파이터 서버_완(4차 완료)\tcp_fighter_server\tcp_fighter_server\x64\release\tcp_figh.9528ad6f.tlog\link.command.1.tlog
c:\users\procademy\source\repos\6_게임 서버 프로그래밍\7차과제_tcp 파이터 서버_완(4차 완료)\tcp_fighter_server\tcp_fighter_server\x64\release\tcp_figh.9528ad6f.tlog\link.read.1.tlog
c:\users\procademy\source\repos\6_게임 서버 프로그래밍\7차과제_tcp 파이터 서버_완(4차 완료)\tcp_fighter_server\tcp_fighter_server\x64\release\tcp_figh.9528ad6f.tlog\link.write.1.tlog
c:\users\procademy\source\repos\6_게임 서버 프로그래밍\7차과제_tcp 파이터 서버_완(4차 완료)\tcp_fighter_server\tcp_fighter_server\x64\release\tcp_figh.9528ad6f.tlog\tcp_fighter_server.write.1u.tlog
