c:\git_public\9_실무용 게임서버 프로그래밍\11차과제_네트워크lib제작_메모리풀,락프리스택,락프리큐 적용\netlib\netlib\x64\release\netlib.pch
c:\git_public\9_실무용 게임서버 프로그래밍\11차과제_네트워크lib제작_메모리풀,락프리스택,락프리큐 적용\netlib\netlib\x64\release\vc141.pdb
c:\git_public\9_실무용 게임서버 프로그래밍\11차과제_네트워크lib제작_메모리풀,락프리스택,락프리큐 적용\netlib\netlib\x64\release\pch.obj
c:\git_public\9_실무용 게임서버 프로그래밍\11차과제_네트워크lib제작_메모리풀,락프리스택,락프리큐 적용\netlib\netlib\x64\release\netlib.obj
c:\git_public\9_실무용 게임서버 프로그래밍\11차과제_네트워크lib제작_메모리풀,락프리스택,락프리큐 적용\netlib\netlib\x64\release\ringbuff.obj
c:\git_public\9_실무용 게임서버 프로그래밍\11차과제_네트워크lib제작_메모리풀,락프리스택,락프리큐 적용\netlib\netlib\x64\release\protocolbuff_objectpool.obj
c:\git_public\9_실무용 게임서버 프로그래밍\11차과제_네트워크lib제작_메모리풀,락프리스택,락프리큐 적용\netlib\netlib\x64\release\profiling_class.obj
c:\git_public\9_실무용 게임서버 프로그래밍\11차과제_네트워크lib제작_메모리풀,락프리스택,락프리큐 적용\netlib\netlib\x64\release\networklib_lanserver.obj
c:\git_public\9_실무용 게임서버 프로그래밍\11차과제_네트워크lib제작_메모리풀,락프리스택,락프리큐 적용\netlib\netlib\x64\release\log.obj
c:\git_public\9_실무용 게임서버 프로그래밍\11차과제_네트워크lib제작_메모리풀,락프리스택,락프리큐 적용\netlib\netlib\x64\release\crashdump.obj
c:\git_public\9_실무용 게임서버 프로그래밍\11차과제_네트워크lib제작_메모리풀,락프리스택,락프리큐 적용\netlib\x64\release\netlib.exe
c:\git_public\9_실무용 게임서버 프로그래밍\11차과제_네트워크lib제작_메모리풀,락프리스택,락프리큐 적용\netlib\x64\release\netlib.pdb
c:\git_public\9_실무용 게임서버 프로그래밍\11차과제_네트워크lib제작_메모리풀,락프리스택,락프리큐 적용\netlib\x64\release\netlib.ipdb
c:\git_public\9_실무용 게임서버 프로그래밍\11차과제_네트워크lib제작_메모리풀,락프리스택,락프리큐 적용\netlib\x64\release\netlib.iobj
c:\git_public\9_실무용 게임서버 프로그래밍\11차과제_네트워크lib제작_메모리풀,락프리스택,락프리큐 적용\netlib\netlib\x64\release\netlib.tlog\cl.command.1.tlog
c:\git_public\9_실무용 게임서버 프로그래밍\11차과제_네트워크lib제작_메모리풀,락프리스택,락프리큐 적용\netlib\netlib\x64\release\netlib.tlog\cl.read.1.tlog
c:\git_public\9_실무용 게임서버 프로그래밍\11차과제_네트워크lib제작_메모리풀,락프리스택,락프리큐 적용\netlib\netlib\x64\release\netlib.tlog\cl.write.1.tlog
c:\git_public\9_실무용 게임서버 프로그래밍\11차과제_네트워크lib제작_메모리풀,락프리스택,락프리큐 적용\netlib\netlib\x64\release\netlib.tlog\link.command.1.tlog
c:\git_public\9_실무용 게임서버 프로그래밍\11차과제_네트워크lib제작_메모리풀,락프리스택,락프리큐 적용\netlib\netlib\x64\release\netlib.tlog\link.read.1.tlog
c:\git_public\9_실무용 게임서버 프로그래밍\11차과제_네트워크lib제작_메모리풀,락프리스택,락프리큐 적용\netlib\netlib\x64\release\netlib.tlog\link.write.1.tlog
c:\git_public\9_실무용 게임서버 프로그래밍\11차과제_네트워크lib제작_메모리풀,락프리스택,락프리큐 적용\netlib\netlib\x64\release\netlib.tlog\netlib.write.1u.tlog
