c:\git_public\9_실무용 게임서버 프로그래밍\19차과제_monitor서버 제작\monitorserver_main\monitorserver_main\x64\release\monitorserver_main.pch
c:\git_public\9_실무용 게임서버 프로그래밍\19차과제_monitor서버 제작\monitorserver_main\monitorserver_main\x64\release\vc141.pdb
c:\git_public\9_실무용 게임서버 프로그래밍\19차과제_monitor서버 제작\monitorserver_main\monitorserver_main\x64\release\pch.obj
c:\git_public\9_실무용 게임서버 프로그래밍\19차과제_monitor서버 제작\monitorserver_main\monitorserver_main\x64\release\monitorserver_main.obj
c:\git_public\9_실무용 게임서버 프로그래밍\19차과제_monitor서버 제작\monitorserver_main\monitorserver_main\x64\release\monitorserver.obj
c:\git_public\9_실무용 게임서버 프로그래밍\19차과제_monitor서버 제작\monitorserver_main\monitorserver_main\x64\release\ringbuff.obj
c:\git_public\9_실무용 게임서버 프로그래밍\19차과제_monitor서버 제작\monitorserver_main\monitorserver_main\x64\release\protocolbuff_objectpool.obj
c:\git_public\9_실무용 게임서버 프로그래밍\19차과제_monitor서버 제작\monitorserver_main\monitorserver_main\x64\release\protocolbuff(net)_objectpool.obj
c:\git_public\9_실무용 게임서버 프로그래밍\19차과제_monitor서버 제작\monitorserver_main\monitorserver_main\x64\release\parser_class.obj
c:\git_public\9_실무용 게임서버 프로그래밍\19차과제_monitor서버 제작\monitorserver_main\monitorserver_main\x64\release\networklib_netserver.obj
c:\git_public\9_실무용 게임서버 프로그래밍\19차과제_monitor서버 제작\monitorserver_main\monitorserver_main\x64\release\networklib_lanserver.obj
c:\git_public\9_실무용 게임서버 프로그래밍\19차과제_monitor서버 제작\monitorserver_main\monitorserver_main\x64\release\log.obj
c:\git_public\9_실무용 게임서버 프로그래밍\19차과제_monitor서버 제작\monitorserver_main\monitorserver_main\x64\release\db_connector.obj
c:\git_public\9_실무용 게임서버 프로그래밍\19차과제_monitor서버 제작\monitorserver_main\monitorserver_main\x64\release\crashdump.obj
c:\git_public\9_실무용 게임서버 프로그래밍\19차과제_monitor서버 제작\monitorserver_main\x64\release\monitorserver_main.exe
c:\git_public\9_실무용 게임서버 프로그래밍\19차과제_monitor서버 제작\monitorserver_main\x64\release\monitorserver_main.pdb
c:\git_public\9_실무용 게임서버 프로그래밍\19차과제_monitor서버 제작\monitorserver_main\x64\release\monitorserver_main.ipdb
c:\git_public\9_실무용 게임서버 프로그래밍\19차과제_monitor서버 제작\monitorserver_main\x64\release\monitorserver_main.iobj
c:\git_public\9_실무용 게임서버 프로그래밍\19차과제_monitor서버 제작\monitorserver_main\monitorserver_main\x64\release\monitors.5d58501e.tlog\cl.command.1.tlog
c:\git_public\9_실무용 게임서버 프로그래밍\19차과제_monitor서버 제작\monitorserver_main\monitorserver_main\x64\release\monitors.5d58501e.tlog\cl.read.1.tlog
c:\git_public\9_실무용 게임서버 프로그래밍\19차과제_monitor서버 제작\monitorserver_main\monitorserver_main\x64\release\monitors.5d58501e.tlog\cl.write.1.tlog
c:\git_public\9_실무용 게임서버 프로그래밍\19차과제_monitor서버 제작\monitorserver_main\monitorserver_main\x64\release\monitors.5d58501e.tlog\link.command.1.tlog
c:\git_public\9_실무용 게임서버 프로그래밍\19차과제_monitor서버 제작\monitorserver_main\monitorserver_main\x64\release\monitors.5d58501e.tlog\link.read.1.tlog
c:\git_public\9_실무용 게임서버 프로그래밍\19차과제_monitor서버 제작\monitorserver_main\monitorserver_main\x64\release\monitors.5d58501e.tlog\link.write.1.tlog
c:\git_public\9_실무용 게임서버 프로그래밍\19차과제_monitor서버 제작\monitorserver_main\monitorserver_main\x64\release\monitors.5d58501e.tlog\monitorserver_main.write.1u.tlog
