c:\users\procademy\source\repos\8_웹\4차과제\http_request\http_request\x64\release\http_request.pch
c:\users\procademy\source\repos\8_웹\4차과제\http_request\http_request\x64\release\vc141.pdb
c:\users\procademy\source\repos\8_웹\4차과제\http_request\http_request\x64\release\stdafx.obj
c:\users\procademy\source\repos\8_웹\4차과제\http_request\http_request\x64\release\main.obj
c:\users\procademy\source\repos\8_웹\4차과제\http_request\http_request\x64\release\http_exchange_20180714.obj
c:\users\procademy\source\repos\8_웹\4차과제\http_request\x64\release\http_request.ipdb
c:\users\procademy\source\repos\8_웹\4차과제\http_request\x64\release\http_request.iobj
c:\users\procademy\source\repos\8_웹\4차과제\http_request\x64\release\http_request.exe
c:\users\procademy\source\repos\8_웹\4차과제\http_request\x64\release\http_request.pdb
c:\users\procademy\source\repos\8_웹\4차과제\http_request_논블락connect버전\http_request\x64\release\http_exchange_20180714.obj
c:\users\procademy\source\repos\8_웹\4차과제\http_request_논블락connect버전\http_request\x64\release\main.obj
c:\users\procademy\source\repos\8_웹\4차과제\http_request_논블락connect버전\http_request\x64\release\stdafx.obj
c:\users\procademy\source\repos\8_웹\4차과제\http_request_논블락connect버전\http_request\x64\release\http_request.pch
c:\users\procademy\source\repos\8_웹\4차과제\http_request_논블락connect버전\http_request\x64\release\vc141.pdb
c:\users\procademy\source\repos\8_웹\4차과제\http_request_논블락connect버전\x64\release\http_request.pdb
c:\users\procademy\source\repos\8_웹\4차과제\http_request_논블락connect버전\x64\release\http_request.exe
c:\users\procademy\source\repos\8_웹\4차과제\http_request_논블락connect버전\http_request\x64\release\http_request.tlog\cl.command.1.tlog
c:\users\procademy\source\repos\8_웹\4차과제\http_request_논블락connect버전\http_request\x64\release\http_request.tlog\cl.read.1.tlog
c:\users\procademy\source\repos\8_웹\4차과제\http_request_논블락connect버전\http_request\x64\release\http_request.tlog\cl.write.1.tlog
c:\users\procademy\source\repos\8_웹\4차과제\http_request_논블락connect버전\http_request\x64\release\http_request.tlog\http_request.write.1u.tlog
c:\users\procademy\source\repos\8_웹\4차과제\http_request_논블락connect버전\http_request\x64\release\http_request.tlog\link.command.1.tlog
c:\users\procademy\source\repos\8_웹\4차과제\http_request_논블락connect버전\http_request\x64\release\http_request.tlog\link.read.1.tlog
c:\users\procademy\source\repos\8_웹\4차과제\http_request_논블락connect버전\http_request\x64\release\http_request.tlog\link.write.1.tlog
