  stdafx.cpp
  ProtocolBuff.cpp
c:\users\procademy\source\repos\library_jingyu\protocolbuff\ProtocolBuff.h(52): warning C4290: 함수가 __declspec(nothrow)가 아님을 나타내려는 경우를 제외하고 C++ 예외 사양은 무시됩니다.
..\..\..\..\Library_Jingyu\ProtocolBuff\ProtocolBuff.cpp(71): warning C4290: 함수가 __declspec(nothrow)가 아님을 나타내려는 경우를 제외하고 C++ 예외 사양은 무시됩니다.
  RingBuff.cpp
  BaseObject.cpp
  EffectObject.cpp
c:\users\procademy\source\repos\6_게임 서버 프로그래밍\6차과제_tcp 파이터 네트워크 클라(월드배경)_완\tcp_figher_net_client\tcp_figher_net_client\List_Template.h(109): warning C4290: 함수가 __declspec(nothrow)가 아님을 나타내려는 경우를 제외하고 C++ 예외 사양은 무시됩니다.
  c:\users\procademy\source\repos\6_게임 서버 프로그래밍\6차과제_tcp 파이터 네트워크 클라(월드배경)_완\tcp_figher_net_client\tcp_figher_net_client\List_Template.h(103): note: 컴파일 중인 클래스 템플릿 인스턴스화 'CList<T>::iterator'에 대한 참조를 확인하세요.
  c:\users\procademy\source\repos\6_게임 서버 프로그래밍\6차과제_tcp 파이터 네트워크 클라(월드배경)_완\tcp_figher_net_client\tcp_figher_net_client\List_Template.h(254): note: 컴파일 중인 클래스 템플릿 인스턴스화 'CList<T>'에 대한 참조를 확인하세요.
  Map.cpp
Map.cpp(35): warning C4244: '=': 'float'에서 'int'(으)로 변환하면서 데이터가 손실될 수 있습니다.
Map.cpp(36): warning C4244: '=': 'float'에서 'int'(으)로 변환하면서 데이터가 손실될 수 있습니다.
  Network_Func.cpp
c:\users\procademy\source\repos\6_게임 서버 프로그래밍\6차과제_tcp 파이터 네트워크 클라(월드배경)_완\tcp_figher_net_client\tcp_figher_net_client\List_Template.h(109): warning C4290: 함수가 __declspec(nothrow)가 아님을 나타내려는 경우를 제외하고 C++ 예외 사양은 무시됩니다.
  c:\users\procademy\source\repos\6_게임 서버 프로그래밍\6차과제_tcp 파이터 네트워크 클라(월드배경)_완\tcp_figher_net_client\tcp_figher_net_client\List_Template.h(103): note: 컴파일 중인 클래스 템플릿 인스턴스화 'CList<T>::iterator'에 대한 참조를 확인하세요.
  c:\users\procademy\source\repos\6_게임 서버 프로그래밍\6차과제_tcp 파이터 네트워크 클라(월드배경)_완\tcp_figher_net_client\tcp_figher_net_client\List_Template.h(254): note: 컴파일 중인 클래스 템플릿 인스턴스화 'CList<T>'에 대한 참조를 확인하세요.
C:\Users\procademy\source\repos\Library_Jingyu\ProtocolBuff\ProtocolBuff.h(52): warning C4290: 함수가 __declspec(nothrow)가 아님을 나타내려는 경우를 제외하고 C++ 예외 사양은 무시됩니다.
Network_Func.cpp(27): warning C4267: '인수': 'size_t'에서 'int'(으)로 변환하면서 데이터가 손실될 수 있습니다.
  PlayerObject.cpp
c:\users\procademy\source\repos\6_게임 서버 프로그래밍\6차과제_tcp 파이터 네트워크 클라(월드배경)_완\tcp_figher_net_client\tcp_figher_net_client\List_Template.h(109): warning C4290: 함수가 __declspec(nothrow)가 아님을 나타내려는 경우를 제외하고 C++ 예외 사양은 무시됩니다.
  c:\users\procademy\source\repos\6_게임 서버 프로그래밍\6차과제_tcp 파이터 네트워크 클라(월드배경)_완\tcp_figher_net_client\tcp_figher_net_client\List_Template.h(103): note: 컴파일 중인 클래스 템플릿 인스턴스화 'CList<T>::iterator'에 대한 참조를 확인하세요.
  c:\users\procademy\source\repos\6_게임 서버 프로그래밍\6차과제_tcp 파이터 네트워크 클라(월드배경)_완\tcp_figher_net_client\tcp_figher_net_client\List_Template.h(254): note: 컴파일 중인 클래스 템플릿 인스턴스화 'CList<T>'에 대한 참조를 확인하세요.
C:\Users\procademy\source\repos\Library_Jingyu\ProtocolBuff\ProtocolBuff.h(52): warning C4290: 함수가 __declspec(nothrow)가 아님을 나타내려는 경우를 제외하고 C++ 예외 사양은 무시됩니다.
  ScreenDib.cpp
  SpriteDib.cpp
SpriteDib.cpp(528): warning C4244: '초기화 중': 'unsigned long'에서 'BYTE'(으)로 변환하면서 데이터가 손실될 수 있습니다.
SpriteDib.cpp(541): warning C4244: '초기화 중': 'DWORD'에서 'BYTE'(으)로 변환하면서 데이터가 손실될 수 있습니다.
  TCP_Figher_Net_Client.cpp
c:\users\procademy\source\repos\6_게임 서버 프로그래밍\6차과제_tcp 파이터 네트워크 클라(월드배경)_완\tcp_figher_net_client\tcp_figher_net_client\List_Template.h(109): warning C4290: 함수가 __declspec(nothrow)가 아님을 나타내려는 경우를 제외하고 C++ 예외 사양은 무시됩니다.
  c:\users\procademy\source\repos\6_게임 서버 프로그래밍\6차과제_tcp 파이터 네트워크 클라(월드배경)_완\tcp_figher_net_client\tcp_figher_net_client\List_Template.h(103): note: 컴파일 중인 클래스 템플릿 인스턴스화 'CList<T>::iterator'에 대한 참조를 확인하세요.
  c:\users\procademy\source\repos\6_게임 서버 프로그래밍\6차과제_tcp 파이터 네트워크 클라(월드배경)_완\tcp_figher_net_client\tcp_figher_net_client\List_Template.h(254): note: 컴파일 중인 클래스 템플릿 인스턴스화 'CList<T>'에 대한 참조를 확인하세요.
C:\Users\procademy\source\repos\Library_Jingyu\ProtocolBuff\ProtocolBuff.h(52): warning C4290: 함수가 __declspec(nothrow)가 아님을 나타내려는 경우를 제외하고 C++ 예외 사양은 무시됩니다.
TCP_Figher_Net_Client.cpp(307): warning C4244: '인수': 'LONGLONG'에서 'DWORD'(으)로 변환하면서 데이터가 손실될 수 있습니다.
TCP_Figher_Net_Client.cpp(349): warning C4267: '인수': 'size_t'에서 'int'(으)로 변환하면서 데이터가 손실될 수 있습니다.
TCP_Figher_Net_Client.cpp(350): warning C4267: '인수': 'size_t'에서 'int'(으)로 변환하면서 데이터가 손실될 수 있습니다.
  코드를 생성하고 있습니다.
  155 of 155 functions (100.0%) were compiled, the rest were copied from previous compilation.
    10 functions were new in current compilation
    0 functions had inline decision re-evaluated but remain unchanged
  코드를 생성했습니다.
  TCP_Figher_Net_Client.vcxproj -> C:\Users\procademy\source\repos\6_게임 서버 프로그래밍\6차과제_TCP 파이터 네트워크 클라(월드배경)_완\TCP_Figher_Net_Client\x64\Release\TCP_Figher_Net_Client.exe
