c:\users\administrator\desktop\vs\6_게임 서버 프로그래밍\6차과제_tcp 파이터 네트워크 클라(월드배경)_완\tcp_figher_net_client\tcp_figher_net_client\x64\release\tcp_figher_net_client.pch
c:\users\administrator\desktop\vs\6_게임 서버 프로그래밍\6차과제_tcp 파이터 네트워크 클라(월드배경)_완\tcp_figher_net_client\tcp_figher_net_client\x64\release\vc141.pdb
c:\users\administrator\desktop\vs\6_게임 서버 프로그래밍\6차과제_tcp 파이터 네트워크 클라(월드배경)_완\tcp_figher_net_client\tcp_figher_net_client\x64\release\stdafx.obj
c:\users\administrator\desktop\vs\6_게임 서버 프로그래밍\6차과제_tcp 파이터 네트워크 클라(월드배경)_완\tcp_figher_net_client\tcp_figher_net_client\x64\release\tcp_figher_net_client.obj
c:\users\administrator\desktop\vs\6_게임 서버 프로그래밍\6차과제_tcp 파이터 네트워크 클라(월드배경)_완\tcp_figher_net_client\tcp_figher_net_client\x64\release\spritedib.obj
c:\users\administrator\desktop\vs\6_게임 서버 프로그래밍\6차과제_tcp 파이터 네트워크 클라(월드배경)_완\tcp_figher_net_client\tcp_figher_net_client\x64\release\screendib.obj
c:\users\administrator\desktop\vs\6_게임 서버 프로그래밍\6차과제_tcp 파이터 네트워크 클라(월드배경)_완\tcp_figher_net_client\tcp_figher_net_client\x64\release\playerobject.obj
c:\users\administrator\desktop\vs\6_게임 서버 프로그래밍\6차과제_tcp 파이터 네트워크 클라(월드배경)_완\tcp_figher_net_client\tcp_figher_net_client\x64\release\network_func.obj
c:\users\administrator\desktop\vs\6_게임 서버 프로그래밍\6차과제_tcp 파이터 네트워크 클라(월드배경)_완\tcp_figher_net_client\tcp_figher_net_client\x64\release\map.obj
c:\users\administrator\desktop\vs\6_게임 서버 프로그래밍\6차과제_tcp 파이터 네트워크 클라(월드배경)_완\tcp_figher_net_client\tcp_figher_net_client\x64\release\effectobject.obj
c:\users\administrator\desktop\vs\6_게임 서버 프로그래밍\6차과제_tcp 파이터 네트워크 클라(월드배경)_완\tcp_figher_net_client\tcp_figher_net_client\x64\release\baseobject.obj
c:\users\administrator\desktop\vs\6_게임 서버 프로그래밍\6차과제_tcp 파이터 네트워크 클라(월드배경)_완\tcp_figher_net_client\tcp_figher_net_client\x64\release\ringbuff.obj
c:\users\administrator\desktop\vs\6_게임 서버 프로그래밍\6차과제_tcp 파이터 네트워크 클라(월드배경)_완\tcp_figher_net_client\tcp_figher_net_client\x64\release\protocolbuff.obj
c:\users\administrator\desktop\vs\6_게임 서버 프로그래밍\6차과제_tcp 파이터 네트워크 클라(월드배경)_완\tcp_figher_net_client\x64\release\tcp_figher_net_client.exe
c:\users\administrator\desktop\vs\6_게임 서버 프로그래밍\6차과제_tcp 파이터 네트워크 클라(월드배경)_완\tcp_figher_net_client\x64\release\tcp_figher_net_client.pdb
c:\users\administrator\desktop\vs\6_게임 서버 프로그래밍\6차과제_tcp 파이터 네트워크 클라(월드배경)_완\tcp_figher_net_client\tcp_figher_net_client\x64\release\tcp_figher_net_client.res
c:\users\administrator\desktop\vs\6_게임 서버 프로그래밍\6차과제_tcp 파이터 네트워크 클라(월드배경)_완\tcp_figher_net_client\x64\release\tcp_figher_net_client.ipdb
c:\users\administrator\desktop\vs\6_게임 서버 프로그래밍\6차과제_tcp 파이터 네트워크 클라(월드배경)_완\tcp_figher_net_client\x64\release\tcp_figher_net_client.iobj
c:\users\procademy\source\repos\6_게임 서버 프로그래밍\6차과제_tcp 파이터 네트워크 클라(월드배경)_완\tcp_figher_net_client\tcp_figher_net_client\x64\release\baseobject.obj
c:\users\procademy\source\repos\6_게임 서버 프로그래밍\6차과제_tcp 파이터 네트워크 클라(월드배경)_완\tcp_figher_net_client\tcp_figher_net_client\x64\release\effectobject.obj
c:\users\procademy\source\repos\6_게임 서버 프로그래밍\6차과제_tcp 파이터 네트워크 클라(월드배경)_완\tcp_figher_net_client\tcp_figher_net_client\x64\release\map.obj
c:\users\procademy\source\repos\6_게임 서버 프로그래밍\6차과제_tcp 파이터 네트워크 클라(월드배경)_완\tcp_figher_net_client\tcp_figher_net_client\x64\release\network_func.obj
c:\users\procademy\source\repos\6_게임 서버 프로그래밍\6차과제_tcp 파이터 네트워크 클라(월드배경)_완\tcp_figher_net_client\tcp_figher_net_client\x64\release\playerobject.obj
c:\users\procademy\source\repos\6_게임 서버 프로그래밍\6차과제_tcp 파이터 네트워크 클라(월드배경)_완\tcp_figher_net_client\tcp_figher_net_client\x64\release\protocolbuff.obj
c:\users\procademy\source\repos\6_게임 서버 프로그래밍\6차과제_tcp 파이터 네트워크 클라(월드배경)_완\tcp_figher_net_client\tcp_figher_net_client\x64\release\ringbuff.obj
c:\users\procademy\source\repos\6_게임 서버 프로그래밍\6차과제_tcp 파이터 네트워크 클라(월드배경)_완\tcp_figher_net_client\tcp_figher_net_client\x64\release\screendib.obj
c:\users\procademy\source\repos\6_게임 서버 프로그래밍\6차과제_tcp 파이터 네트워크 클라(월드배경)_완\tcp_figher_net_client\tcp_figher_net_client\x64\release\spritedib.obj
c:\users\procademy\source\repos\6_게임 서버 프로그래밍\6차과제_tcp 파이터 네트워크 클라(월드배경)_완\tcp_figher_net_client\tcp_figher_net_client\x64\release\stdafx.obj
c:\users\procademy\source\repos\6_게임 서버 프로그래밍\6차과제_tcp 파이터 네트워크 클라(월드배경)_완\tcp_figher_net_client\tcp_figher_net_client\x64\release\tcp_figher_net_client.obj
c:\users\procademy\source\repos\6_게임 서버 프로그래밍\6차과제_tcp 파이터 네트워크 클라(월드배경)_완\tcp_figher_net_client\tcp_figher_net_client\x64\release\tcp_figher_net_client.res
c:\users\procademy\source\repos\6_게임 서버 프로그래밍\6차과제_tcp 파이터 네트워크 클라(월드배경)_완\tcp_figher_net_client\tcp_figher_net_client\x64\release\tcp_figher_net_client.pch
c:\users\procademy\source\repos\6_게임 서버 프로그래밍\6차과제_tcp 파이터 네트워크 클라(월드배경)_완\tcp_figher_net_client\tcp_figher_net_client\x64\release\vc141.pdb
c:\users\procademy\source\repos\6_게임 서버 프로그래밍\6차과제_tcp 파이터 네트워크 클라(월드배경)_완\tcp_figher_net_client\x64\release\tcp_figher_net_client.pdb
c:\users\procademy\source\repos\6_게임 서버 프로그래밍\6차과제_tcp 파이터 네트워크 클라(월드배경)_완\tcp_figher_net_client\x64\release\tcp_figher_net_client.exe
c:\users\procademy\source\repos\6_게임 서버 프로그래밍\6차과제_tcp 파이터 네트워크 클라(월드배경)_완\tcp_figher_net_client\tcp_figher_net_client\x64\release\tcp_figh.ad0a6b05.tlog\cl.command.1.tlog
c:\users\procademy\source\repos\6_게임 서버 프로그래밍\6차과제_tcp 파이터 네트워크 클라(월드배경)_완\tcp_figher_net_client\tcp_figher_net_client\x64\release\tcp_figh.ad0a6b05.tlog\cl.read.1.tlog
c:\users\procademy\source\repos\6_게임 서버 프로그래밍\6차과제_tcp 파이터 네트워크 클라(월드배경)_완\tcp_figher_net_client\tcp_figher_net_client\x64\release\tcp_figh.ad0a6b05.tlog\cl.write.1.tlog
c:\users\procademy\source\repos\6_게임 서버 프로그래밍\6차과제_tcp 파이터 네트워크 클라(월드배경)_완\tcp_figher_net_client\tcp_figher_net_client\x64\release\tcp_figh.ad0a6b05.tlog\link.command.1.tlog
c:\users\procademy\source\repos\6_게임 서버 프로그래밍\6차과제_tcp 파이터 네트워크 클라(월드배경)_완\tcp_figher_net_client\tcp_figher_net_client\x64\release\tcp_figh.ad0a6b05.tlog\link.read.1.tlog
c:\users\procademy\source\repos\6_게임 서버 프로그래밍\6차과제_tcp 파이터 네트워크 클라(월드배경)_완\tcp_figher_net_client\tcp_figher_net_client\x64\release\tcp_figh.ad0a6b05.tlog\link.write.1.tlog
c:\users\procademy\source\repos\6_게임 서버 프로그래밍\6차과제_tcp 파이터 네트워크 클라(월드배경)_완\tcp_figher_net_client\tcp_figher_net_client\x64\release\tcp_figh.ad0a6b05.tlog\rc.command.1.tlog
c:\users\procademy\source\repos\6_게임 서버 프로그래밍\6차과제_tcp 파이터 네트워크 클라(월드배경)_완\tcp_figher_net_client\tcp_figher_net_client\x64\release\tcp_figh.ad0a6b05.tlog\rc.read.1.tlog
c:\users\procademy\source\repos\6_게임 서버 프로그래밍\6차과제_tcp 파이터 네트워크 클라(월드배경)_완\tcp_figher_net_client\tcp_figher_net_client\x64\release\tcp_figh.ad0a6b05.tlog\rc.write.1.tlog
c:\users\procademy\source\repos\6_게임 서버 프로그래밍\6차과제_tcp 파이터 네트워크 클라(월드배경)_완\tcp_figher_net_client\tcp_figher_net_client\x64\release\tcp_figh.ad0a6b05.tlog\tcp_figher_net_client.write.1u.tlog
