c:\git_public\9_실무용 게임서버 프로그래밍\16차과제_loginserver제작\login_main\login_main\x64\release\login_main.pch
c:\git_public\9_실무용 게임서버 프로그래밍\16차과제_loginserver제작\login_main\login_main\x64\release\vc141.pdb
c:\git_public\9_실무용 게임서버 프로그래밍\16차과제_loginserver제작\login_main\login_main\x64\release\pch.obj
c:\git_public\9_실무용 게임서버 프로그래밍\16차과제_loginserver제작\login_main\login_main\x64\release\login_main.obj
c:\git_public\9_실무용 게임서버 프로그래밍\16차과제_loginserver제작\login_main\login_main\x64\release\ringbuff.obj
c:\git_public\9_실무용 게임서버 프로그래밍\16차과제_loginserver제작\login_main\login_main\x64\release\protocolbuff_objectpool.obj
c:\git_public\9_실무용 게임서버 프로그래밍\16차과제_loginserver제작\login_main\login_main\x64\release\protocolbuff(net)_objectpool.obj
c:\git_public\9_실무용 게임서버 프로그래밍\16차과제_loginserver제작\login_main\login_main\x64\release\parser_class.obj
c:\git_public\9_실무용 게임서버 프로그래밍\16차과제_loginserver제작\login_main\login_main\x64\release\networklib_netserver.obj
c:\git_public\9_실무용 게임서버 프로그래밍\16차과제_loginserver제작\login_main\login_main\x64\release\networklib_lanserver.obj
c:\git_public\9_실무용 게임서버 프로그래밍\16차과제_loginserver제작\login_main\login_main\x64\release\log.obj
c:\git_public\9_실무용 게임서버 프로그래밍\16차과제_loginserver제작\login_main\login_main\x64\release\loginserver.obj
c:\git_public\9_실무용 게임서버 프로그래밍\16차과제_loginserver제작\login_main\login_main\x64\release\db_connector.obj
c:\git_public\9_실무용 게임서버 프로그래밍\16차과제_loginserver제작\login_main\login_main\x64\release\crashdump.obj
c:\git_public\9_실무용 게임서버 프로그래밍\16차과제_loginserver제작\login_main\login_main\x64\release\login_main.tlog\cl.command.1.tlog
c:\git_public\9_실무용 게임서버 프로그래밍\16차과제_loginserver제작\login_main\login_main\x64\release\login_main.tlog\cl.read.1.tlog
c:\git_public\9_실무용 게임서버 프로그래밍\16차과제_loginserver제작\login_main\login_main\x64\release\login_main.tlog\cl.write.1.tlog
c:\git_public\9_실무용 게임서버 프로그래밍\16차과제_loginserver제작\login_main\login_main\x64\release\login_main.tlog\link.command.1.tlog
c:\git_public\9_실무용 게임서버 프로그래밍\16차과제_loginserver제작\login_main\login_main\x64\release\login_main.tlog\link.read.1.tlog
c:\git_public\9_실무용 게임서버 프로그래밍\16차과제_loginserver제작\login_main\login_main\x64\release\login_main.tlog\link.read.9.tlog
c:\git_public\9_실무용 게임서버 프로그래밍\16차과제_loginserver제작\login_main\login_main\x64\release\login_main.tlog\link.write.1.tlog
