c:\git_public\10_실무용 게임서버 프로그래밍_2\7차과제_battleserver 제작(룸 추가된 것)\battleserver_main\battleserver_main\x64\release\battleserver_main.pch
c:\git_public\10_실무용 게임서버 프로그래밍_2\7차과제_battleserver 제작(룸 추가된 것)\battleserver_main\battleserver_main\x64\release\vc141.pdb
c:\git_public\10_실무용 게임서버 프로그래밍_2\7차과제_battleserver 제작(룸 추가된 것)\battleserver_main\battleserver_main\x64\release\pch.obj
c:\git_public\10_실무용 게임서버 프로그래밍_2\7차과제_battleserver 제작(룸 추가된 것)\battleserver_main\battleserver_main\x64\release\battleserver_room_version.obj
c:\git_public\10_실무용 게임서버 프로그래밍_2\7차과제_battleserver 제작(룸 추가된 것)\battleserver_main\battleserver_main\x64\release\battleserver_main.obj
c:\git_public\10_실무용 게임서버 프로그래밍_2\7차과제_battleserver 제작(룸 추가된 것)\battleserver_main\battleserver_main\x64\release\ringbuff.obj
c:\git_public\10_실무용 게임서버 프로그래밍_2\7차과제_battleserver 제작(룸 추가된 것)\battleserver_main\battleserver_main\x64\release\contentsdata.obj
c:\git_public\10_실무용 게임서버 프로그래밍_2\7차과제_battleserver 제작(룸 추가된 것)\battleserver_main\battleserver_main\x64\release\protocolbuff_objectpool.obj
c:\git_public\10_실무용 게임서버 프로그래밍_2\7차과제_battleserver 제작(룸 추가된 것)\battleserver_main\battleserver_main\x64\release\protocolbuff(net)_objectpool.obj
c:\git_public\10_실무용 게임서버 프로그래밍_2\7차과제_battleserver 제작(룸 추가된 것)\battleserver_main\battleserver_main\x64\release\pdhcheck.obj
c:\git_public\10_실무용 게임서버 프로그래밍_2\7차과제_battleserver 제작(룸 추가된 것)\battleserver_main\battleserver_main\x64\release\parser_class.obj
c:\git_public\10_실무용 게임서버 프로그래밍_2\7차과제_battleserver 제작(룸 추가된 것)\battleserver_main\battleserver_main\x64\release\networklib_lanserver.obj
c:\git_public\10_실무용 게임서버 프로그래밍_2\7차과제_battleserver 제작(룸 추가된 것)\battleserver_main\battleserver_main\x64\release\networklib_lanclient.obj
c:\git_public\10_실무용 게임서버 프로그래밍_2\7차과제_battleserver 제작(룸 추가된 것)\battleserver_main\battleserver_main\x64\release\log.obj
c:\git_public\10_실무용 게임서버 프로그래밍_2\7차과제_battleserver 제작(룸 추가된 것)\battleserver_main\battleserver_main\x64\release\http_exchange.obj
c:\git_public\10_실무용 게임서버 프로그래밍_2\7차과제_battleserver 제작(룸 추가된 것)\battleserver_main\battleserver_main\x64\release\crashdump.obj
c:\git_public\10_실무용 게임서버 프로그래밍_2\7차과제_battleserver 제작(룸 추가된 것)\battleserver_main\battleserver_main\x64\release\cpuusage.obj
c:\git_public\10_실무용 게임서버 프로그래밍_2\7차과제_battleserver 제작(룸 추가된 것)\battleserver_main\battleserver_main\x64\release\battlese.7bf86e4b.tlog\cl.command.1.tlog
c:\git_public\10_실무용 게임서버 프로그래밍_2\7차과제_battleserver 제작(룸 추가된 것)\battleserver_main\battleserver_main\x64\release\battlese.7bf86e4b.tlog\cl.read.1.tlog
c:\git_public\10_실무용 게임서버 프로그래밍_2\7차과제_battleserver 제작(룸 추가된 것)\battleserver_main\battleserver_main\x64\release\battlese.7bf86e4b.tlog\cl.write.1.tlog
