c:\git_public\10_실무용 게임서버 프로그래밍_2\2차과제_mmoserver 제작\mmoserver_main\mmoserver_main\x64\release\mmoserver_main.pch
c:\git_public\10_실무용 게임서버 프로그래밍_2\2차과제_mmoserver 제작\mmoserver_main\mmoserver_main\x64\release\vc141.pdb
c:\git_public\10_실무용 게임서버 프로그래밍_2\2차과제_mmoserver 제작\mmoserver_main\mmoserver_main\x64\release\pch.obj
c:\git_public\10_실무용 게임서버 프로그래밍_2\2차과제_mmoserver 제작\mmoserver_main\mmoserver_main\x64\release\networklib_mmoserver.obj
c:\git_public\10_실무용 게임서버 프로그래밍_2\2차과제_mmoserver 제작\mmoserver_main\mmoserver_main\x64\release\mmoserver_main.obj
c:\git_public\10_실무용 게임서버 프로그래밍_2\2차과제_mmoserver 제작\mmoserver_main\mmoserver_main\x64\release\cgameserver.obj
c:\git_public\10_실무용 게임서버 프로그래밍_2\2차과제_mmoserver 제작\mmoserver_main\mmoserver_main\x64\release\ringbuff.obj
c:\git_public\10_실무용 게임서버 프로그래밍_2\2차과제_mmoserver 제작\mmoserver_main\mmoserver_main\x64\release\protocolbuff(net)_objectpool.obj
c:\git_public\10_실무용 게임서버 프로그래밍_2\2차과제_mmoserver 제작\mmoserver_main\mmoserver_main\x64\release\parser_class.obj
c:\git_public\10_실무용 게임서버 프로그래밍_2\2차과제_mmoserver 제작\mmoserver_main\mmoserver_main\x64\release\log.obj
c:\git_public\10_실무용 게임서버 프로그래밍_2\2차과제_mmoserver 제작\mmoserver_main\mmoserver_main\x64\release\crashdump.obj
c:\git_public\10_실무용 게임서버 프로그래밍_2\2차과제_mmoserver 제작\mmoserver_main\x64\release\mmoserver_main.exe
c:\git_public\10_실무용 게임서버 프로그래밍_2\2차과제_mmoserver 제작\mmoserver_main\x64\release\mmoserver_main.pdb
c:\git_public\10_실무용 게임서버 프로그래밍_2\2차과제_mmoserver 제작\mmoserver_main\x64\release\mmoserver_main.ipdb
c:\git_public\10_실무용 게임서버 프로그래밍_2\2차과제_mmoserver 제작\mmoserver_main\x64\release\mmoserver_main.iobj
c:\git_public\10_실무용 게임서버 프로그래밍_2\2차과제_mmoserver 제작\mmoserver_main\mmoserver_main\x64\release\mmoserver_main.tlog\cl.command.1.tlog
c:\git_public\10_실무용 게임서버 프로그래밍_2\2차과제_mmoserver 제작\mmoserver_main\mmoserver_main\x64\release\mmoserver_main.tlog\cl.read.1.tlog
c:\git_public\10_실무용 게임서버 프로그래밍_2\2차과제_mmoserver 제작\mmoserver_main\mmoserver_main\x64\release\mmoserver_main.tlog\cl.write.1.tlog
c:\git_public\10_실무용 게임서버 프로그래밍_2\2차과제_mmoserver 제작\mmoserver_main\mmoserver_main\x64\release\mmoserver_main.tlog\link.command.1.tlog
c:\git_public\10_실무용 게임서버 프로그래밍_2\2차과제_mmoserver 제작\mmoserver_main\mmoserver_main\x64\release\mmoserver_main.tlog\link.read.1.tlog
c:\git_public\10_실무용 게임서버 프로그래밍_2\2차과제_mmoserver 제작\mmoserver_main\mmoserver_main\x64\release\mmoserver_main.tlog\link.write.1.tlog
c:\git_public\10_실무용 게임서버 프로그래밍_2\2차과제_mmoserver 제작\mmoserver_main\mmoserver_main\x64\release\mmoserver_main.tlog\mmoserver_main.write.1u.tlog
