  pch.cpp
  CPUUsage.cpp
  CrashDump.cpp
  Log.cpp
  NetworkLib_LanClient.cpp
  NetworkLib_NetServer.cpp
c:\git_public\mycode\library_jingyu\networklib\networklib_netserver.cpp(789): warning C4311: '형식 캐스트': 'DWORD *'에서 'UINT'(으)로 포인터가 잘립니다.
c:\git_public\mycode\library_jingyu\networklib\networklib_netserver.cpp(789): warning C4302: '형식 캐스트': 'DWORD *'에서 'UINT'(으)로 잘립니다.
  Parser_Class.cpp
  PDHCheck.cpp
  ProtocolBuff(Net)_ObjectPool.cpp
  ProtocolBuff_ObjectPool.cpp
  RingBuff.cpp
  ChatServer_Main.cpp
  ChatServer_Room.cpp
c:\git_public\mycode\10_실무용 게임서버 프로그래밍_2\8차과제_chatserver 제작(룸 추가된 것)\chatserver_main\chatserver_main\chatserver_room.cpp(1864): warning C4267: '=': 'size_t'에서 'int'(으)로 변환하면서 데이터가 손실될 수 있습니다.
  코드를 생성하고 있습니다.
  1121 of 1121 functions (100.0%) were compiled.
    19 functions were new in current compilation
    0 functions had inline decision re-evaluated but remain unchanged
  코드를 생성했습니다.
  ChatServer_Main.vcxproj -> C:\Git_Public\MyCode\10_실무용 게임서버 프로그래밍_2\8차과제_ChatServer 제작(룸 추가된 것)\ChatServer_Main\x64\Release\ChatServer_Main.exe
