c:\users\administrator\desktop\vs\6_게임 서버 프로그래밍\2차과제_채팅클라제작\chat_client\x64\release\chat_client.ipdb
c:\users\administrator\desktop\vs\6_게임 서버 프로그래밍\2차과제_채팅클라제작\chat_client\x64\release\chat_client.iobj
c:\users\administrator\desktop\vs\6_게임 서버 프로그래밍\2차과제_채팅클라제작\chat_client\chat_client\x64\release\chat_client.pch
c:\users\administrator\desktop\vs\6_게임 서버 프로그래밍\2차과제_채팅클라제작\chat_client\chat_client\x64\release\vc141.pdb
c:\users\administrator\desktop\vs\6_게임 서버 프로그래밍\2차과제_채팅클라제작\chat_client\chat_client\x64\release\stdafx.obj
c:\users\administrator\desktop\vs\6_게임 서버 프로그래밍\2차과제_채팅클라제작\chat_client\chat_client\x64\release\network_func.obj
c:\users\administrator\desktop\vs\6_게임 서버 프로그래밍\2차과제_채팅클라제작\chat_client\chat_client\x64\release\chat_client.obj
c:\users\administrator\desktop\vs\6_게임 서버 프로그래밍\2차과제_채팅클라제작\chat_client\chat_client\x64\release\ringbuff.obj
c:\users\administrator\desktop\vs\6_게임 서버 프로그래밍\2차과제_채팅클라제작\chat_client\chat_client\x64\release\protocolbuff.obj
c:\users\administrator\desktop\vs\6_게임 서버 프로그래밍\2차과제_채팅클라제작\chat_client\x64\release\chat_client.exe
c:\users\administrator\desktop\vs\6_게임 서버 프로그래밍\2차과제_채팅클라제작\chat_client\x64\release\chat_client.pdb
c:\users\administrator\desktop\vs\6_게임 서버 프로그래밍\2차과제_채팅클라제작\chat_client\chat_client\x64\release\chat_client.res
c:\users\administrator\desktop\vs\6_게임 서버 프로그래밍\2차과제_채팅클라제작\chat_client\chat_client\x64\release\chat_client.tlog\chat_client.write.1u.tlog
c:\users\administrator\desktop\vs\6_게임 서버 프로그래밍\2차과제_채팅클라제작\chat_client\chat_client\x64\release\chat_client.tlog\cl.command.1.tlog
c:\users\administrator\desktop\vs\6_게임 서버 프로그래밍\2차과제_채팅클라제작\chat_client\chat_client\x64\release\chat_client.tlog\cl.read.1.tlog
c:\users\administrator\desktop\vs\6_게임 서버 프로그래밍\2차과제_채팅클라제작\chat_client\chat_client\x64\release\chat_client.tlog\cl.write.1.tlog
c:\users\administrator\desktop\vs\6_게임 서버 프로그래밍\2차과제_채팅클라제작\chat_client\chat_client\x64\release\chat_client.tlog\link.command.1.tlog
c:\users\administrator\desktop\vs\6_게임 서버 프로그래밍\2차과제_채팅클라제작\chat_client\chat_client\x64\release\chat_client.tlog\link.read.1.tlog
c:\users\administrator\desktop\vs\6_게임 서버 프로그래밍\2차과제_채팅클라제작\chat_client\chat_client\x64\release\chat_client.tlog\link.write.1.tlog
c:\users\administrator\desktop\vs\6_게임 서버 프로그래밍\2차과제_채팅클라제작\chat_client\chat_client\x64\release\chat_client.tlog\rc.command.1.tlog
c:\users\administrator\desktop\vs\6_게임 서버 프로그래밍\2차과제_채팅클라제작\chat_client\chat_client\x64\release\chat_client.tlog\rc.read.1.tlog
c:\users\administrator\desktop\vs\6_게임 서버 프로그래밍\2차과제_채팅클라제작\chat_client\chat_client\x64\release\chat_client.tlog\rc.write.1.tlog
