c:\users\procademy\source\repos\알고리즘,자료구조\7차과제_jump point search\project1\project1\x64\release\project1.pch
c:\users\procademy\source\repos\알고리즘,자료구조\7차과제_jump point search\project1\project1\x64\release\vc141.pdb
c:\users\procademy\source\repos\알고리즘,자료구조\7차과제_jump point search\project1\project1\x64\release\stdafx.obj
c:\users\procademy\source\repos\알고리즘,자료구조\7차과제_jump point search\project1\project1\x64\release\project1.obj
c:\users\procademy\source\repos\알고리즘,자료구조\7차과제_jump point search\project1\project1\x64\release\jump_point_search.obj
c:\users\procademy\source\repos\알고리즘,자료구조\7차과제_jump point search\project1\x64\release\project1.exe
c:\users\procademy\source\repos\알고리즘,자료구조\7차과제_jump point search\project1\x64\release\project1.pdb
c:\users\procademy\source\repos\알고리즘,자료구조\7차과제_jump point search\project1\x64\release\project1.ipdb
c:\users\procademy\source\repos\알고리즘,자료구조\7차과제_jump point search\project1\x64\release\project1.iobj
c:\users\procademy\source\repos\알고리즘,자료구조\7차과제_jump point search\project1\project1\x64\release\project1.res
c:\users\procademy\source\repos\알고리즘,자료구조\7차과제_jump point search\project1\project1\x64\release\project1.tlog\cl.command.1.tlog
c:\users\procademy\source\repos\알고리즘,자료구조\7차과제_jump point search\project1\project1\x64\release\project1.tlog\cl.read.1.tlog
c:\users\procademy\source\repos\알고리즘,자료구조\7차과제_jump point search\project1\project1\x64\release\project1.tlog\cl.write.1.tlog
c:\users\procademy\source\repos\알고리즘,자료구조\7차과제_jump point search\project1\project1\x64\release\project1.tlog\link.command.1.tlog
c:\users\procademy\source\repos\알고리즘,자료구조\7차과제_jump point search\project1\project1\x64\release\project1.tlog\link.read.1.tlog
c:\users\procademy\source\repos\알고리즘,자료구조\7차과제_jump point search\project1\project1\x64\release\project1.tlog\link.write.1.tlog
c:\users\procademy\source\repos\알고리즘,자료구조\7차과제_jump point search\project1\project1\x64\release\project1.tlog\project1.write.1u.tlog
c:\users\procademy\source\repos\알고리즘,자료구조\7차과제_jump point search\project1\project1\x64\release\project1.tlog\rc.command.1.tlog
c:\users\procademy\source\repos\알고리즘,자료구조\7차과제_jump point search\project1\project1\x64\release\project1.tlog\rc.read.1.tlog
c:\users\procademy\source\repos\알고리즘,자료구조\7차과제_jump point search\project1\project1\x64\release\project1.tlog\rc.write.1.tlog
