c:\git_public\9_실무용 게임서버 프로그래밍\20차과제_monitor클라 제작\monitorclient_main\monitorclient_main\x64\release\monitorclient_main.pch
c:\git_public\9_실무용 게임서버 프로그래밍\20차과제_monitor클라 제작\monitorclient_main\monitorclient_main\x64\release\vc141.pdb
c:\git_public\9_실무용 게임서버 프로그래밍\20차과제_monitor클라 제작\monitorclient_main\monitorclient_main\x64\release\stdafx.obj
c:\git_public\9_실무용 게임서버 프로그래밍\20차과제_monitor클라 제작\monitorclient_main\monitorclient_main\x64\release\monitorclient_main.obj
c:\git_public\9_실무용 게임서버 프로그래밍\20차과제_monitor클라 제작\monitorclient_main\monitorclient_main\x64\release\ringbuff.obj
c:\git_public\9_실무용 게임서버 프로그래밍\20차과제_monitor클라 제작\monitorclient_main\monitorclient_main\x64\release\protocolbuff(net)_objectpool.obj
c:\git_public\9_실무용 게임서버 프로그래밍\20차과제_monitor클라 제작\monitorclient_main\monitorclient_main\x64\release\parser_class.obj
c:\git_public\9_실무용 게임서버 프로그래밍\20차과제_monitor클라 제작\monitorclient_main\monitorclient_main\x64\release\networklib_netclient.obj
c:\git_public\9_실무용 게임서버 프로그래밍\20차과제_monitor클라 제작\monitorclient_main\monitorclient_main\x64\release\monitorview.obj
c:\git_public\9_실무용 게임서버 프로그래밍\20차과제_monitor클라 제작\monitorclient_main\monitorclient_main\x64\release\monitorclinet.obj
c:\git_public\9_실무용 게임서버 프로그래밍\20차과제_monitor클라 제작\monitorclient_main\monitorclient_main\x64\release\log.obj
c:\git_public\9_실무용 게임서버 프로그래밍\20차과제_monitor클라 제작\monitorclient_main\monitorclient_main\x64\release\crashdump.obj
c:\git_public\9_실무용 게임서버 프로그래밍\20차과제_monitor클라 제작\monitorclient_main\x64\release\monitorclient_main.exe
c:\git_public\9_실무용 게임서버 프로그래밍\20차과제_monitor클라 제작\monitorclient_main\x64\release\monitorclient_main.pdb
c:\git_public\9_실무용 게임서버 프로그래밍\20차과제_monitor클라 제작\monitorclient_main\x64\release\monitorclient_main.ipdb
c:\git_public\9_실무용 게임서버 프로그래밍\20차과제_monitor클라 제작\monitorclient_main\x64\release\monitorclient_main.iobj
c:\git_public\9_실무용 게임서버 프로그래밍\20차과제_monitor클라 제작\monitorclient_main\monitorclient_main\x64\release\monitorclient_main.res
c:\git_public\9_실무용 게임서버 프로그래밍\20차과제_monitor클라 제작\monitorclient_main\monitorclient_main\x64\release\monitorc.dfb332ff.tlog\cl.command.1.tlog
c:\git_public\9_실무용 게임서버 프로그래밍\20차과제_monitor클라 제작\monitorclient_main\monitorclient_main\x64\release\monitorc.dfb332ff.tlog\cl.read.1.tlog
c:\git_public\9_실무용 게임서버 프로그래밍\20차과제_monitor클라 제작\monitorclient_main\monitorclient_main\x64\release\monitorc.dfb332ff.tlog\cl.write.1.tlog
c:\git_public\9_실무용 게임서버 프로그래밍\20차과제_monitor클라 제작\monitorclient_main\monitorclient_main\x64\release\monitorc.dfb332ff.tlog\link.command.1.tlog
c:\git_public\9_실무용 게임서버 프로그래밍\20차과제_monitor클라 제작\monitorclient_main\monitorclient_main\x64\release\monitorc.dfb332ff.tlog\link.read.1.tlog
c:\git_public\9_실무용 게임서버 프로그래밍\20차과제_monitor클라 제작\monitorclient_main\monitorclient_main\x64\release\monitorc.dfb332ff.tlog\link.write.1.tlog
c:\git_public\9_실무용 게임서버 프로그래밍\20차과제_monitor클라 제작\monitorclient_main\monitorclient_main\x64\release\monitorc.dfb332ff.tlog\monitorclient_main.write.1u.tlog
c:\git_public\9_실무용 게임서버 프로그래밍\20차과제_monitor클라 제작\monitorclient_main\monitorclient_main\x64\release\monitorc.dfb332ff.tlog\rc.command.1.tlog
c:\git_public\9_실무용 게임서버 프로그래밍\20차과제_monitor클라 제작\monitorclient_main\monitorclient_main\x64\release\monitorc.dfb332ff.tlog\rc.read.1.tlog
c:\git_public\9_실무용 게임서버 프로그래밍\20차과제_monitor클라 제작\monitorclient_main\monitorclient_main\x64\release\monitorc.dfb332ff.tlog\rc.write.1.tlog
